<?xml version="1.0" encoding="UTF-8"?>
<testsuite name="CalculatorTest" tests="2" skipped="0" failures="0" errors="0" timestamp="2019-12-03T10:10:16" hostname="recruit-ThinkCentre-M73" time="0.022">
  <properties/>
  <testcase name="additions()" classname="CalculatorTest" time="0.014"/>
  <testcase name="multiplication()" classname="CalculatorTest" time="0.006"/>
  <system-out><![CDATA[2.0 * 3.0 * 1.0 * 2.0 * 3.0 * 4.0 * 5.0 * ]]></system-out>
  <system-err><![CDATA[]]></system-err>
</testsuite>
